1695192647489:CreateRover 1,1,N
1695192653321:GetRover 1
1695192718201:CreateRover 2,1,E
1695192720432:GetRover1
1695192723858:GetRover 1
1695200796516:CreateRover 1,1,N
1695200802931:GetRover 1
1695200833649:MoveRover 1 f,f,r
1695200838074:GetRover 1
1695200956092:MoveRover 1 r
1695200958762:GetRover 1
1695201008140:CreateRover 1,1,N
1695201011963:GetRover 1
1695201018349:MoveRover 1 r
1695201131415:CreateRover 1,1,N
1695201133984:GetRover 1
1695201138407:MoveRover 1 r
1695201148264:GetRover 1
1695201156201:MoveRover 1 f,f,r
1695201220639:CreateRover 1,1,N
1695201223554:GetRover 1
1695201236022:MoveRover 1 f,b,r,l
1695201389313:GetRover 1
1695201493975:CreateRover 1,1,N
1695201497713:GetRover 1
1695201505687:MoveRover f,f
1695201511099:MoveRover 1 f,f
1695201517678:GetRover 1
1695201693934:MoveRover 1 r
1695201699325:GetRover 1
1695201783047:CreateRover 1,1,N
1695201792226:MoveRover 1 r
1695201794529:GetRover 1
1695201911744:CreateRover 1,1,N
1695201919672:MoveRover 1 r
1695201922608:GetRover 1
1695201931903:MoveRover 1 f,f,r
1695201934631:GetRover 1
1695202001570:Create Rover 1,1,N
1695202006046:CreateRover 1,1,N
1695202027377:CreateRover 2,1,W
1695202036707:MoveRover 2 f
1695202044032:GetRover 2
1695202053012:MoveRover 2 r
1695202061969:GetRover 2
1695220367603:CreateRover 1,1,N
1695220370870:GetRover 1
1695220391676:MoveRover f,f,r,f,l,f
1695220416614:CreateRover 1,1,N
1695220419752:GetRover 1
1695220433724:MoveRover 1 f,f,r,f,f,l,l
1695220497973:CreateRover 1,1N
1695220514027:CreateRover 1,1,N
1695220520206:GetRover 1
1695220528300:MoveRover 1 f,f,l
1695220531032:GetRover 1
1695220561714:CreateRover 1,5,S
1695220565109:GetRover 2
1695220576584:MoveRover 2 f,f,f,f,l
1695220579971:GetRover 2
1695221209582:CreateRover 1,1,N
1695221213472:GetRover 1
1695221217818:MoveRover 1 f,f,l
1695221221729:GetRover 1
1695221226006:CreateRover 1,5,S
1695221229512:GetRover 2
1695221233153:MoveRover 2 f,f,f,f,l
1695221237299:GetRover 2
